<?xml version="1.0" encoding="UTF-8"?>
<testsuites name="FaceBook_TestSuite_RegistrationValidation_002" time="345.707" tests="1" failures="0" errors="0">
   <testsuite name="FaceBook_TestSuite_RegistrationValidation_002" tests="1" failures="0" errors="0" time="345.707" skipped="0" timestamp="06-02-2024T15:03:33" hostname="spectra - krishna" id="Test Suites/FaceBook_TestSuite/FaceBook_TestSuite_RegistrationValidation_002">
      <properties>
         <property name="deviceName" value=""/>
         <property name="devicePlatform" value=""/>
         <property name="logFolder" value="C:\\Users\\spectra\\git\\Katalon_faceBook_project\\Reports\\20240206_150324\\FaceBook_TestSuite\\FaceBook_TestSuite_RegistrationValidation_002\\20240206_150324"/>
         <property name="logFiles" value="C:\\Users\\spectra\\git\\Katalon_faceBook_project\\Reports\\20240206_150324\\FaceBook_TestSuite\\FaceBook_TestSuite_RegistrationValidation_002\\20240206_150324\\execution0.log"/>
         <property name="attachments" value=""/>
         <property name="hostName" value="spectra - krishna"/>
         <property name="os" value="Windows 10 64bit"/>
         <property name="katalonVersion" value="9.3.0.212"/>
         <property name="browser" value="Chrome 121.0.0.0"/>
         <property name="hostAddress" value="172.25.160.1"/>
         <property name="sessionId" value="2082d89c77952f5fad0399220d1ac281"/>
         <property name="seleniumVersion" value="3.141.59"/>
         <property name="proxyInformation" value="ProxyInformation { proxyOption=NO_PROXY, proxyServerType=HTTP, username=, password=********, proxyServerAddress=, proxyServerPort=0, executionList=&quot;&quot;, isApplyToDesiredCapabilities=true }"/>
         <property name="platform" value="Windows 10"/>
      </properties>
      <testcase name="Test Cases/TC_FaceBook_RegistrationValidatio_002" time="345.199" classname="Test Cases/TC_FaceBook_RegistrationValidatio_002" status="PASSED">
         <system-out><![CDATA[06-02-2024T15:03:33 - [TEST_CASE][PASSED] - Test Cases/TC_FaceBook_RegistrationValidatio_002: Test Cases/TC_FaceBook_RegistrationValidatio_002

06-02-2024T15:03:34 - [TEST_STEP][PASSED] - Start listener action : sampleBeforeTestCase: null

06-02-2024T15:03:34 - [TEST_STEP][PASSED] - println(testCaseContext.getTestCaseId()): null

06-02-2024T15:03:34 - [TEST_STEP][PASSED] - println(testCaseContext.getTestCaseVariables()): null

06-02-2024T15:03:34 - [TEST_STEP][PASSED] - openBrowser(""): Browser is opened with url: ''

06-02-2024T15:03:35 - [MESSAGE][INFO] - Starting 'Chrome' driver

06-02-2024T15:03:35 - [MESSAGE][INFO] - Action delay is set to 0 milliseconds

06-02-2024T15:03:38 - [MESSAGE][PASSED] - Browser is opened with url: ''

06-02-2024T15:03:38 - [TEST_STEP][PASSED] - navigateToUrl("https://www.facebook.com/"): Navigate to 'https://www.facebook.com/' successfully

06-02-2024T15:03:40 - [MESSAGE][PASSED] - Navigate to 'https://www.facebook.com/' successfully

06-02-2024T15:03:40 - [TEST_STEP][PASSED] - click(findTestObject("Object Repository/Page_Facebook  log in or sign up/a_Create new account")): Object: 'Object Repository/Page_Facebook  log in or sign up/a_Create new account' is clicked on

06-02-2024T15:04:11 - [MESSAGE][INFO] - Unable to find the element located by 'By.xpath: //a[@id='u_0_0_DK']'. Please recheck the objects properties to make sure the desired element is located. 

06-02-2024T15:04:11 - [MESSAGE][WARNING] - [SELF-HEALING] Failed to find element with id 'Object Repository/Page_Facebook  log in or sign up/a_Create new account'. Try using Self-healing.

06-02-2024T15:04:11 - [MESSAGE][WARNING] - [SELF-HEALING] The current locator of test object 'Object Repository/Page_Facebook  log in or sign up/a_Create new account' was broken. Propose an alternative one: '//a[contains(text(),'Create new account')]'.

06-02-2024T15:04:12 - [MESSAGE][PASSED] - Object: 'Object Repository/Page_Facebook  log in or sign up/a_Create new account' is clicked on

06-02-2024T15:04:12 - [TEST_STEP][PASSED] - setText(findTestObject("Object Repository/Page_Facebook  log in or sign up/input_concat(We couldn, , t create your acc_8e27d1"), "anpu"): Text 'anpu' is set on object 'Object Repository/Page_Facebook  log in or sign up/input_concat(We couldn, , t create your acc_8e27d1'

06-02-2024T15:04:43 - [MESSAGE][INFO] - Unable to find the element located by 'By.xpath: //input[@id='u_4_b_pK']'. Please recheck the objects properties to make sure the desired element is located. 

06-02-2024T15:04:43 - [MESSAGE][WARNING] - [SELF-HEALING] Failed to find element with id 'Object Repository/Page_Facebook  log in or sign up/input_concat(We couldn, , t create your acc_8e27d1'. Try using Self-healing.

06-02-2024T15:04:43 - [MESSAGE][WARNING] - [SELF-HEALING] The current locator of test object 'Object Repository/Page_Facebook  log in or sign up/input_concat(We couldn, , t create your acc_8e27d1' was broken. Propose an alternative one: '//div/div/div/div/div/input'.

06-02-2024T15:05:15 - [MESSAGE][INFO] - Unable to find the element located by 'By.xpath: //input[@id='u_4_b_pK']'. Please recheck the objects properties to make sure the desired element is located. 

06-02-2024T15:05:15 - [MESSAGE][WARNING] - [SELF-HEALING] Failed to find element with id 'Object Repository/Page_Facebook  log in or sign up/input_concat(We couldn, , t create your acc_8e27d1'. Try using Self-healing.

06-02-2024T15:05:17 - [MESSAGE][WARNING] - [SELF-HEALING] The current locator of test object 'Object Repository/Page_Facebook  log in or sign up/input_concat(We couldn, , t create your acc_8e27d1' was broken. Propose an alternative one: '//div/div/div/div/div/input'.

06-02-2024T15:05:17 - [MESSAGE][PASSED] - Text 'anpu' is set on object 'Object Repository/Page_Facebook  log in or sign up/input_concat(We couldn, , t create your acc_8e27d1'

06-02-2024T15:05:17 - [TEST_STEP][PASSED] - setText(findTestObject("Object Repository/Page_Facebook  log in or sign up/input_concat(We couldn, , t create your acc_342d17"), "krish"): Text 'krish' is set on object 'Object Repository/Page_Facebook  log in or sign up/input_concat(We couldn, , t create your acc_342d17'

06-02-2024T15:05:49 - [MESSAGE][INFO] - Unable to find the element located by 'By.xpath: //input[@id='u_4_d_OV']'. Please recheck the objects properties to make sure the desired element is located. 

06-02-2024T15:05:49 - [MESSAGE][WARNING] - [SELF-HEALING] Failed to find element with id 'Object Repository/Page_Facebook  log in or sign up/input_concat(We couldn, , t create your acc_342d17'. Try using Self-healing.

06-02-2024T15:05:51 - [MESSAGE][WARNING] - [SELF-HEALING] The current locator of test object 'Object Repository/Page_Facebook  log in or sign up/input_concat(We couldn, , t create your acc_342d17' was broken. Propose an alternative one: '//div/div/div[2]/div/div/input'.

06-02-2024T15:06:23 - [MESSAGE][INFO] - Unable to find the element located by 'By.xpath: //input[@id='u_4_d_OV']'. Please recheck the objects properties to make sure the desired element is located. 

06-02-2024T15:06:23 - [MESSAGE][WARNING] - [SELF-HEALING] Failed to find element with id 'Object Repository/Page_Facebook  log in or sign up/input_concat(We couldn, , t create your acc_342d17'. Try using Self-healing.

06-02-2024T15:06:25 - [MESSAGE][WARNING] - [SELF-HEALING] The current locator of test object 'Object Repository/Page_Facebook  log in or sign up/input_concat(We couldn, , t create your acc_342d17' was broken. Propose an alternative one: '//div/div/div[2]/div/div/input'.

06-02-2024T15:06:25 - [MESSAGE][PASSED] - Text 'krish' is set on object 'Object Repository/Page_Facebook  log in or sign up/input_concat(We couldn, , t create your acc_342d17'

06-02-2024T15:06:25 - [TEST_STEP][PASSED] - setText(findTestObject("Object Repository/Page_Facebook  log in or sign up/input_concat(We couldn, , t create your acc_554ec3"), "6380303221"): Text '6380303221' is set on object 'Object Repository/Page_Facebook  log in or sign up/input_concat(We couldn, , t create your acc_554ec3'

06-02-2024T15:06:57 - [MESSAGE][INFO] - Unable to find the element located by 'By.xpath: //input[@id='u_4_g_FL']'. Please recheck the objects properties to make sure the desired element is located. 

06-02-2024T15:06:57 - [MESSAGE][WARNING] - [SELF-HEALING] Failed to find element with id 'Object Repository/Page_Facebook  log in or sign up/input_concat(We couldn, , t create your acc_554ec3'. Try using Self-healing.

06-02-2024T15:06:59 - [MESSAGE][WARNING] - [SELF-HEALING] The current locator of test object 'Object Repository/Page_Facebook  log in or sign up/input_concat(We couldn, , t create your acc_554ec3' was broken. Propose an alternative one: '//div[2]/div/div/input'.

06-02-2024T15:07:31 - [MESSAGE][INFO] - Unable to find the element located by 'By.xpath: //input[@id='u_4_g_FL']'. Please recheck the objects properties to make sure the desired element is located. 

06-02-2024T15:07:31 - [MESSAGE][WARNING] - [SELF-HEALING] Failed to find element with id 'Object Repository/Page_Facebook  log in or sign up/input_concat(We couldn, , t create your acc_554ec3'. Try using Self-healing.

06-02-2024T15:07:34 - [MESSAGE][WARNING] - [SELF-HEALING] The current locator of test object 'Object Repository/Page_Facebook  log in or sign up/input_concat(We couldn, , t create your acc_554ec3' was broken. Propose an alternative one: '//div[2]/div/div/input'.

06-02-2024T15:07:34 - [MESSAGE][PASSED] - Text '6380303221' is set on object 'Object Repository/Page_Facebook  log in or sign up/input_concat(We couldn, , t create your acc_554ec3'

06-02-2024T15:07:34 - [TEST_STEP][PASSED] - setText(findTestObject("Object Repository/Page_Facebook  log in or sign up/input_concat(We couldn, , t create your acc_7f0a99"), "anpukrish"): Text 'anpukrish' is set on object 'Object Repository/Page_Facebook  log in or sign up/input_concat(We couldn, , t create your acc_7f0a99'

06-02-2024T15:07:38 - [MESSAGE][PASSED] - Text 'anpukrish' is set on object 'Object Repository/Page_Facebook  log in or sign up/input_concat(We couldn, , t create your acc_7f0a99'

06-02-2024T15:07:38 - [TEST_STEP][PASSED] - selectOptionByValue(findTestObject("Object Repository/Page_Facebook  log in or sign up/select_123456789101112131415161718192021222_566da4"), "11", true): All options with value '11' are selected in object 'Object Repository/Page_Facebook  log in or sign up/select_123456789101112131415161718192021222_566da4'  using regular expression

06-02-2024T15:07:45 - [MESSAGE][PASSED] - All options with value '11' are selected in object 'Object Repository/Page_Facebook  log in or sign up/select_123456789101112131415161718192021222_566da4'  using regular expression

06-02-2024T15:07:45 - [TEST_STEP][PASSED] - selectOptionByValue(findTestObject("Object Repository/Page_Facebook  log in or sign up/select_JanFebMarAprMayJunJulAugSepOctNovDec"), "7", true): All options with value '7' are selected in object 'Object Repository/Page_Facebook  log in or sign up/select_JanFebMarAprMayJunJulAugSepOctNovDec'  using regular expression

06-02-2024T15:07:50 - [MESSAGE][PASSED] - All options with value '7' are selected in object 'Object Repository/Page_Facebook  log in or sign up/select_JanFebMarAprMayJunJulAugSepOctNovDec'  using regular expression

06-02-2024T15:07:50 - [TEST_STEP][PASSED] - selectOptionByValue(findTestObject("Object Repository/Page_Facebook  log in or sign up/select_202420232022202120202019201820172016_7237a8"), "2001", true): All options with value '2001' are selected in object 'Object Repository/Page_Facebook  log in or sign up/select_202420232022202120202019201820172016_7237a8'  using regular expression

06-02-2024T15:07:57 - [MESSAGE][PASSED] - All options with value '2001' are selected in object 'Object Repository/Page_Facebook  log in or sign up/select_202420232022202120202019201820172016_7237a8'  using regular expression

06-02-2024T15:07:57 - [TEST_STEP][PASSED] - selectOptionByValue(findTestObject("Object Repository/Page_Facebook  log in or sign up/select_202420232022202120202019201820172016_7237a8"), "2002", true): All options with value '2002' are selected in object 'Object Repository/Page_Facebook  log in or sign up/select_202420232022202120202019201820172016_7237a8'  using regular expression

06-02-2024T15:08:05 - [MESSAGE][PASSED] - All options with value '2002' are selected in object 'Object Repository/Page_Facebook  log in or sign up/select_202420232022202120202019201820172016_7237a8'  using regular expression

06-02-2024T15:08:05 - [TEST_STEP][PASSED] - selectOptionByValue(findTestObject("Object Repository/Page_Facebook  log in or sign up/select_JanFebMarAprMayJunJulAugSepOctNovDec"), "4", true): All options with value '4' are selected in object 'Object Repository/Page_Facebook  log in or sign up/select_JanFebMarAprMayJunJulAugSepOctNovDec'  using regular expression

06-02-2024T15:08:10 - [MESSAGE][PASSED] - All options with value '4' are selected in object 'Object Repository/Page_Facebook  log in or sign up/select_JanFebMarAprMayJunJulAugSepOctNovDec'  using regular expression

06-02-2024T15:08:10 - [TEST_STEP][PASSED] - click(findTestObject("Object Repository/Page_Facebook  log in or sign up/label_Male")): Object: 'Object Repository/Page_Facebook  log in or sign up/label_Male' is clicked on

06-02-2024T15:08:42 - [MESSAGE][INFO] - Unable to find the element located by 'By.xpath: //span[@id='u_4_o_sL']/span[2]/label'. Please recheck the objects properties to make sure the desired element is located. 

06-02-2024T15:08:42 - [MESSAGE][WARNING] - [SELF-HEALING] Failed to find element with id 'Object Repository/Page_Facebook  log in or sign up/label_Male'. Try using Self-healing.

06-02-2024T15:08:44 - [MESSAGE][WARNING] - [SELF-HEALING] The current locator of test object 'Object Repository/Page_Facebook  log in or sign up/label_Male' was broken. Propose an alternative one: '(.//*[normalize-space(text()) and normalize-space(.)='Female'])[1]/following::label[1]'.

06-02-2024T15:08:44 - [MESSAGE][PASSED] - Object: 'Object Repository/Page_Facebook  log in or sign up/label_Male' is clicked on

06-02-2024T15:08:44 - [TEST_STEP][PASSED] - click(findTestObject("Object Repository/Page_Facebook  log in or sign up/button_Sign Up")): Object: 'Object Repository/Page_Facebook  log in or sign up/button_Sign Up' is clicked on

06-02-2024T15:09:16 - [MESSAGE][INFO] - Unable to find the element located by 'By.xpath: //button[@id='u_4_s_Of']'. Please recheck the objects properties to make sure the desired element is located. 

06-02-2024T15:09:16 - [MESSAGE][WARNING] - [SELF-HEALING] Failed to find element with id 'Object Repository/Page_Facebook  log in or sign up/button_Sign Up'. Try using Self-healing.

06-02-2024T15:09:18 - [MESSAGE][WARNING] - [SELF-HEALING] The current locator of test object 'Object Repository/Page_Facebook  log in or sign up/button_Sign Up' was broken. Propose an alternative one: '//div[@id='reg_form_box']/div[11]/button'.

06-02-2024T15:09:18 - [MESSAGE][PASSED] - Object: 'Object Repository/Page_Facebook  log in or sign up/button_Sign Up' is clicked on

06-02-2024T15:09:18 - [TEST_STEP][PASSED] - closeBrowser(): Browser is closed

06-02-2024T15:09:19 - [MESSAGE][PASSED] - Browser is closed

06-02-2024T15:09:19 - [TEST_STEP][PASSED] - Start listener action : sampleAfterTestCase: null

06-02-2024T15:09:19 - [TEST_STEP][PASSED] - println(testCaseContext.getTestCaseId()): null

06-02-2024T15:09:19 - [TEST_STEP][PASSED] - println(testCaseContext.getTestCaseStatus()): null]]></system-out>
         <system-err><![CDATA[]]></system-err>
      </testcase>
      <system-out><![CDATA[06-02-2024T15:03:33 - [TEST_SUITE][PASSED] - FaceBook_TestSuite_RegistrationValidation_002: Test Cases/TC_FaceBook_RegistrationValidatio_002]]></system-out>
      <system-err><![CDATA[]]></system-err>
   </testsuite>
</testsuites>
