<?xml version="1.0" encoding="UTF-8"?>
<testsuites name="FaceBook_TestSuiteCollection_RegisrationValidation_002" time="382.519" tests="2" failures="0" errors="0">
   <testsuite name="FaceBook_TestSuite_Login_001" tests="1" failures="0" errors="0" time="45.034" skipped="0" timestamp="06-02-2024T15:24:37" hostname="spectra - krishna" id="Test Suites/FaceBook_TestSuite/FaceBook_TestSuite_Login_001">
      <properties>
         <property name="deviceName" value=""/>
         <property name="devicePlatform" value=""/>
         <property name="logFolder" value="C:\\Users\\spectra\\git\\Katalon_faceBook_project\\Reports\\20240206_152418\\FaceBook_TestSuite\\FaceBook_TestSuite_Login_001\\20240206_152420"/>
         <property name="logFiles" value="C:\\Users\\spectra\\git\\Katalon_faceBook_project\\Reports\\20240206_152418\\FaceBook_TestSuite\\FaceBook_TestSuite_Login_001\\20240206_152420\\execution0.log"/>
         <property name="attachments" value=""/>
         <property name="hostName" value="spectra - krishna"/>
         <property name="os" value="Windows 10 64bit"/>
         <property name="katalonVersion" value="9.3.0.212"/>
         <property name="browser" value="Chrome 121.0.0.0"/>
         <property name="hostAddress" value="172.25.160.1"/>
         <property name="sessionId" value="e0c199dc08b2a49f574e81659d53d037"/>
         <property name="seleniumVersion" value="3.141.59"/>
         <property name="proxyInformation" value="ProxyInformation { proxyOption=NO_PROXY, proxyServerType=HTTP, username=, password=********, proxyServerAddress=, proxyServerPort=0, executionList=&quot;&quot;, isApplyToDesiredCapabilities=true }"/>
         <property name="platform" value="Windows 10"/>
      </properties>
      <testcase name="Test Cases/TC_FaceBook_Login_001" time="44.024" classname="Test Cases/TC_FaceBook_Login_001" status="PASSED">
         <system-out><![CDATA[06-02-2024T15:24:38 - [TEST_CASE][PASSED] - Test Cases/TC_FaceBook_Login_001: Test Cases/TC_FaceBook_Login_001

06-02-2024T15:24:38 - [TEST_STEP][PASSED] - Start listener action : sampleBeforeTestCase: null

06-02-2024T15:24:38 - [TEST_STEP][PASSED] - println(testCaseContext.getTestCaseId()): null

06-02-2024T15:24:38 - [TEST_STEP][PASSED] - println(testCaseContext.getTestCaseVariables()): null

06-02-2024T15:24:38 - [TEST_STEP][PASSED] - openBrowser(""): Browser is opened with url: ''

06-02-2024T15:24:39 - [MESSAGE][INFO] - Starting 'Chrome' driver

06-02-2024T15:24:39 - [MESSAGE][INFO] - Action delay is set to 0 milliseconds

06-02-2024T15:24:42 - [MESSAGE][PASSED] - Browser is opened with url: ''

06-02-2024T15:24:42 - [TEST_STEP][PASSED] - navigateToUrl("https://www.facebook.com/"): Navigate to 'https://www.facebook.com/' successfully

06-02-2024T15:24:44 - [MESSAGE][PASSED] - Navigate to 'https://www.facebook.com/' successfully

06-02-2024T15:24:44 - [TEST_STEP][PASSED] - click(findTestObject("Object Repository/Page_Facebook  log in or sign up/input_Facebook helps you connect and share _ccef60")): Object: 'Object Repository/Page_Facebook  log in or sign up/input_Facebook helps you connect and share _ccef60' is clicked on

06-02-2024T15:24:45 - [MESSAGE][PASSED] - Object: 'Object Repository/Page_Facebook  log in or sign up/input_Facebook helps you connect and share _ccef60' is clicked on

06-02-2024T15:24:45 - [TEST_STEP][PASSED] - setText(findTestObject("Object Repository/Page_Facebook  log in or sign up/input_Facebook helps you connect and share _ccef60"), "username"): Text 'username' is set on object 'Object Repository/Page_Facebook  log in or sign up/input_Facebook helps you connect and share _ccef60'

06-02-2024T15:24:46 - [MESSAGE][PASSED] - Text 'username' is set on object 'Object Repository/Page_Facebook  log in or sign up/input_Facebook helps you connect and share _ccef60'

06-02-2024T15:24:46 - [TEST_STEP][PASSED] - setText(findTestObject("Object Repository/Page_Facebook  log in or sign up/input_Facebook helps you connect and share _ab63fc"), "password"): Text 'password' is set on object 'Object Repository/Page_Facebook  log in or sign up/input_Facebook helps you connect and share _ab63fc'

06-02-2024T15:24:47 - [MESSAGE][PASSED] - Text 'password' is set on object 'Object Repository/Page_Facebook  log in or sign up/input_Facebook helps you connect and share _ab63fc'

06-02-2024T15:24:47 - [TEST_STEP][PASSED] - click(findTestObject("Page_Facebook  log in or sign up/button_Log in")): Object: 'Object Repository/Page_Facebook  log in or sign up/button_Log in' is clicked on

06-02-2024T15:25:19 - [MESSAGE][INFO] - Unable to find the element located by 'By.xpath: //button[@id='u_0_5_PZ']'. Please recheck the objects properties to make sure the desired element is located. 

06-02-2024T15:25:19 - [MESSAGE][WARNING] - [SELF-HEALING] Failed to find element with id 'Object Repository/Page_Facebook  log in or sign up/button_Log in'. Try using Self-healing.

06-02-2024T15:25:21 - [MESSAGE][WARNING] - [SELF-HEALING] The current locator of test object 'Object Repository/Page_Facebook  log in or sign up/button_Log in' was broken. Propose an alternative one: '(.//*[normalize-space(text()) and normalize-space(.)='Facebook helps you connect and share with the people in your life.'])[1]/following::button[1]'.

06-02-2024T15:25:21 - [MESSAGE][PASSED] - Object: 'Object Repository/Page_Facebook  log in or sign up/button_Log in' is clicked on

06-02-2024T15:25:21 - [TEST_STEP][PASSED] - closeBrowser(): Browser is closed

06-02-2024T15:25:22 - [MESSAGE][PASSED] - Browser is closed

06-02-2024T15:25:22 - [TEST_STEP][PASSED] - Start listener action : sampleAfterTestCase: null

06-02-2024T15:25:22 - [TEST_STEP][PASSED] - println(testCaseContext.getTestCaseId()): null

06-02-2024T15:25:22 - [TEST_STEP][PASSED] - println(testCaseContext.getTestCaseStatus()): null]]></system-out>
         <system-err><![CDATA[]]></system-err>
      </testcase>
      <system-out><![CDATA[06-02-2024T15:24:37 - [TEST_SUITE][PASSED] - FaceBook_TestSuite_Login_001: Test Cases/TC_FaceBook_Login_001]]></system-out>
      <system-err><![CDATA[]]></system-err>
   </testsuite>
   <testsuite name="FaceBook_TestSuite_RegistrationValidation_002" tests="1" failures="0" errors="0" time="307.6" skipped="0" timestamp="06-02-2024T15:25:38" hostname="spectra - krishna" id="Test Suites/FaceBook_TestSuite/FaceBook_TestSuite_RegistrationValidation_002">
      <properties>
         <property name="deviceName" value=""/>
         <property name="devicePlatform" value=""/>
         <property name="logFolder" value="C:\\Users\\spectra\\git\\Katalon_faceBook_project\\Reports\\20240206_152418\\FaceBook_TestSuite\\FaceBook_TestSuite_RegistrationValidation_002\\20240206_152422"/>
         <property name="logFiles" value="C:\\Users\\spectra\\git\\Katalon_faceBook_project\\Reports\\20240206_152418\\FaceBook_TestSuite\\FaceBook_TestSuite_RegistrationValidation_002\\20240206_152422\\execution0.log"/>
         <property name="attachments" value=""/>
         <property name="hostName" value="spectra - krishna"/>
         <property name="os" value="Windows 10 64bit"/>
         <property name="katalonVersion" value="9.3.0.212"/>
         <property name="browser" value="Chrome 121.0.0.0"/>
         <property name="hostAddress" value="172.25.160.1"/>
         <property name="sessionId" value="777df587e14e9876fca7f6c3a58f186c"/>
         <property name="seleniumVersion" value="3.141.59"/>
         <property name="proxyInformation" value="ProxyInformation { proxyOption=NO_PROXY, proxyServerType=HTTP, username=, password=********, proxyServerAddress=, proxyServerPort=0, executionList=&quot;&quot;, isApplyToDesiredCapabilities=true }"/>
         <property name="platform" value="Windows 10"/>
      </properties>
      <testcase name="Test Cases/TC_FaceBook_RegistrationValidatio_002" time="306.439" classname="Test Cases/TC_FaceBook_RegistrationValidatio_002" status="PASSED">
         <system-out><![CDATA[06-02-2024T15:25:39 - [TEST_CASE][PASSED] - Test Cases/TC_FaceBook_RegistrationValidatio_002: Test Cases/TC_FaceBook_RegistrationValidatio_002

06-02-2024T15:25:39 - [TEST_STEP][PASSED] - Start listener action : sampleBeforeTestCase: null

06-02-2024T15:25:39 - [TEST_STEP][PASSED] - println(testCaseContext.getTestCaseId()): null

06-02-2024T15:25:39 - [TEST_STEP][PASSED] - println(testCaseContext.getTestCaseVariables()): null

06-02-2024T15:25:40 - [TEST_STEP][PASSED] - openBrowser(""): Browser is opened with url: ''

06-02-2024T15:25:41 - [MESSAGE][INFO] - Starting 'Chrome' driver

06-02-2024T15:25:41 - [MESSAGE][INFO] - Action delay is set to 0 milliseconds

06-02-2024T15:25:45 - [MESSAGE][PASSED] - Browser is opened with url: ''

06-02-2024T15:25:45 - [TEST_STEP][PASSED] - navigateToUrl("https://www.facebook.com/"): Navigate to 'https://www.facebook.com/' successfully

06-02-2024T15:25:48 - [MESSAGE][PASSED] - Navigate to 'https://www.facebook.com/' successfully

06-02-2024T15:25:48 - [TEST_STEP][PASSED] - click(findTestObject("Object Repository/Page_Facebook  log in or sign up/a_Create new account")): Object: 'Object Repository/Page_Facebook  log in or sign up/a_Create new account' is clicked on

06-02-2024T15:26:20 - [MESSAGE][INFO] - Unable to find the element located by 'By.xpath: //a[@id='u_0_0_DK']'. Please recheck the objects properties to make sure the desired element is located. 

06-02-2024T15:26:20 - [MESSAGE][WARNING] - [SELF-HEALING] Failed to find element with id 'Object Repository/Page_Facebook  log in or sign up/a_Create new account'. Try using Self-healing.

06-02-2024T15:26:20 - [MESSAGE][WARNING] - [SELF-HEALING] The current locator of test object 'Object Repository/Page_Facebook  log in or sign up/a_Create new account' was broken. Propose an alternative one: '//a[contains(text(),'Create new account')]'.

06-02-2024T15:26:20 - [MESSAGE][PASSED] - Object: 'Object Repository/Page_Facebook  log in or sign up/a_Create new account' is clicked on

06-02-2024T15:26:20 - [TEST_STEP][PASSED] - setText(findTestObject("Object Repository/Page_Facebook  log in or sign up/input_concat(We couldn, , t create your acc_8e27d1"), "anpu"): Text 'anpu' is set on object 'Object Repository/Page_Facebook  log in or sign up/input_concat(We couldn, , t create your acc_8e27d1'

06-02-2024T15:26:51 - [MESSAGE][INFO] - Unable to find the element located by 'By.xpath: //input[@id='u_4_b_pK']'. Please recheck the objects properties to make sure the desired element is located. 

06-02-2024T15:26:51 - [MESSAGE][WARNING] - [SELF-HEALING] Failed to find element with id 'Object Repository/Page_Facebook  log in or sign up/input_concat(We couldn, , t create your acc_8e27d1'. Try using Self-healing.

06-02-2024T15:26:52 - [MESSAGE][WARNING] - [SELF-HEALING] The current locator of test object 'Object Repository/Page_Facebook  log in or sign up/input_concat(We couldn, , t create your acc_8e27d1' was broken. Propose an alternative one: '//div/div/div/div/div/input'.

06-02-2024T15:27:23 - [MESSAGE][INFO] - Unable to find the element located by 'By.xpath: //input[@id='u_4_b_pK']'. Please recheck the objects properties to make sure the desired element is located. 

06-02-2024T15:27:23 - [MESSAGE][WARNING] - [SELF-HEALING] Failed to find element with id 'Object Repository/Page_Facebook  log in or sign up/input_concat(We couldn, , t create your acc_8e27d1'. Try using Self-healing.

06-02-2024T15:27:23 - [MESSAGE][WARNING] - [SELF-HEALING] The current locator of test object 'Object Repository/Page_Facebook  log in or sign up/input_concat(We couldn, , t create your acc_8e27d1' was broken. Propose an alternative one: '//div/div/div/div/div/input'.

06-02-2024T15:27:23 - [MESSAGE][PASSED] - Text 'anpu' is set on object 'Object Repository/Page_Facebook  log in or sign up/input_concat(We couldn, , t create your acc_8e27d1'

06-02-2024T15:27:23 - [TEST_STEP][PASSED] - setText(findTestObject("Object Repository/Page_Facebook  log in or sign up/input_concat(We couldn, , t create your acc_342d17"), "krish"): Text 'krish' is set on object 'Object Repository/Page_Facebook  log in or sign up/input_concat(We couldn, , t create your acc_342d17'

06-02-2024T15:27:55 - [MESSAGE][INFO] - Unable to find the element located by 'By.xpath: //input[@id='u_4_d_OV']'. Please recheck the objects properties to make sure the desired element is located. 

06-02-2024T15:27:55 - [MESSAGE][WARNING] - [SELF-HEALING] Failed to find element with id 'Object Repository/Page_Facebook  log in or sign up/input_concat(We couldn, , t create your acc_342d17'. Try using Self-healing.

06-02-2024T15:27:55 - [MESSAGE][WARNING] - [SELF-HEALING] The current locator of test object 'Object Repository/Page_Facebook  log in or sign up/input_concat(We couldn, , t create your acc_342d17' was broken. Propose an alternative one: '//div/div/div[2]/div/div/input'.

06-02-2024T15:28:26 - [MESSAGE][INFO] - Unable to find the element located by 'By.xpath: //input[@id='u_4_d_OV']'. Please recheck the objects properties to make sure the desired element is located. 

06-02-2024T15:28:26 - [MESSAGE][WARNING] - [SELF-HEALING] Failed to find element with id 'Object Repository/Page_Facebook  log in or sign up/input_concat(We couldn, , t create your acc_342d17'. Try using Self-healing.

06-02-2024T15:28:26 - [MESSAGE][WARNING] - [SELF-HEALING] The current locator of test object 'Object Repository/Page_Facebook  log in or sign up/input_concat(We couldn, , t create your acc_342d17' was broken. Propose an alternative one: '//div/div/div[2]/div/div/input'.

06-02-2024T15:28:27 - [MESSAGE][PASSED] - Text 'krish' is set on object 'Object Repository/Page_Facebook  log in or sign up/input_concat(We couldn, , t create your acc_342d17'

06-02-2024T15:28:27 - [TEST_STEP][PASSED] - setText(findTestObject("Object Repository/Page_Facebook  log in or sign up/input_concat(We couldn, , t create your acc_554ec3"), "6380303221"): Text '6380303221' is set on object 'Object Repository/Page_Facebook  log in or sign up/input_concat(We couldn, , t create your acc_554ec3'

06-02-2024T15:28:58 - [MESSAGE][INFO] - Unable to find the element located by 'By.xpath: //input[@id='u_4_g_FL']'. Please recheck the objects properties to make sure the desired element is located. 

06-02-2024T15:28:58 - [MESSAGE][WARNING] - [SELF-HEALING] Failed to find element with id 'Object Repository/Page_Facebook  log in or sign up/input_concat(We couldn, , t create your acc_554ec3'. Try using Self-healing.

06-02-2024T15:28:58 - [MESSAGE][WARNING] - [SELF-HEALING] The current locator of test object 'Object Repository/Page_Facebook  log in or sign up/input_concat(We couldn, , t create your acc_554ec3' was broken. Propose an alternative one: '//div[2]/div/div/input'.

06-02-2024T15:29:29 - [MESSAGE][INFO] - Unable to find the element located by 'By.xpath: //input[@id='u_4_g_FL']'. Please recheck the objects properties to make sure the desired element is located. 

06-02-2024T15:29:29 - [MESSAGE][WARNING] - [SELF-HEALING] Failed to find element with id 'Object Repository/Page_Facebook  log in or sign up/input_concat(We couldn, , t create your acc_554ec3'. Try using Self-healing.

06-02-2024T15:29:30 - [MESSAGE][WARNING] - [SELF-HEALING] The current locator of test object 'Object Repository/Page_Facebook  log in or sign up/input_concat(We couldn, , t create your acc_554ec3' was broken. Propose an alternative one: '//div[2]/div/div/input'.

06-02-2024T15:29:30 - [MESSAGE][PASSED] - Text '6380303221' is set on object 'Object Repository/Page_Facebook  log in or sign up/input_concat(We couldn, , t create your acc_554ec3'

06-02-2024T15:29:30 - [TEST_STEP][PASSED] - setText(findTestObject("Object Repository/Page_Facebook  log in or sign up/input_concat(We couldn, , t create your acc_7f0a99"), "anpukrish"): Text 'anpukrish' is set on object 'Object Repository/Page_Facebook  log in or sign up/input_concat(We couldn, , t create your acc_7f0a99'

06-02-2024T15:29:31 - [MESSAGE][PASSED] - Text 'anpukrish' is set on object 'Object Repository/Page_Facebook  log in or sign up/input_concat(We couldn, , t create your acc_7f0a99'

06-02-2024T15:29:31 - [TEST_STEP][PASSED] - selectOptionByValue(findTestObject("Object Repository/Page_Facebook  log in or sign up/select_123456789101112131415161718192021222_566da4"), "11", true): All options with value '11' are selected in object 'Object Repository/Page_Facebook  log in or sign up/select_123456789101112131415161718192021222_566da4'  using regular expression

06-02-2024T15:29:33 - [MESSAGE][PASSED] - All options with value '11' are selected in object 'Object Repository/Page_Facebook  log in or sign up/select_123456789101112131415161718192021222_566da4'  using regular expression

06-02-2024T15:29:33 - [TEST_STEP][PASSED] - selectOptionByValue(findTestObject("Object Repository/Page_Facebook  log in or sign up/select_JanFebMarAprMayJunJulAugSepOctNovDec"), "7", true): All options with value '7' are selected in object 'Object Repository/Page_Facebook  log in or sign up/select_JanFebMarAprMayJunJulAugSepOctNovDec'  using regular expression

06-02-2024T15:29:34 - [MESSAGE][PASSED] - All options with value '7' are selected in object 'Object Repository/Page_Facebook  log in or sign up/select_JanFebMarAprMayJunJulAugSepOctNovDec'  using regular expression

06-02-2024T15:29:34 - [TEST_STEP][PASSED] - selectOptionByValue(findTestObject("Object Repository/Page_Facebook  log in or sign up/select_202420232022202120202019201820172016_7237a8"), "2001", true): All options with value '2001' are selected in object 'Object Repository/Page_Facebook  log in or sign up/select_202420232022202120202019201820172016_7237a8'  using regular expression

06-02-2024T15:29:36 - [MESSAGE][PASSED] - All options with value '2001' are selected in object 'Object Repository/Page_Facebook  log in or sign up/select_202420232022202120202019201820172016_7237a8'  using regular expression

06-02-2024T15:29:36 - [TEST_STEP][PASSED] - selectOptionByValue(findTestObject("Object Repository/Page_Facebook  log in or sign up/select_202420232022202120202019201820172016_7237a8"), "2002", true): All options with value '2002' are selected in object 'Object Repository/Page_Facebook  log in or sign up/select_202420232022202120202019201820172016_7237a8'  using regular expression

06-02-2024T15:29:39 - [MESSAGE][PASSED] - All options with value '2002' are selected in object 'Object Repository/Page_Facebook  log in or sign up/select_202420232022202120202019201820172016_7237a8'  using regular expression

06-02-2024T15:29:39 - [TEST_STEP][PASSED] - selectOptionByValue(findTestObject("Object Repository/Page_Facebook  log in or sign up/select_JanFebMarAprMayJunJulAugSepOctNovDec"), "4", true): All options with value '4' are selected in object 'Object Repository/Page_Facebook  log in or sign up/select_JanFebMarAprMayJunJulAugSepOctNovDec'  using regular expression

06-02-2024T15:29:40 - [MESSAGE][PASSED] - All options with value '4' are selected in object 'Object Repository/Page_Facebook  log in or sign up/select_JanFebMarAprMayJunJulAugSepOctNovDec'  using regular expression

06-02-2024T15:29:40 - [TEST_STEP][PASSED] - click(findTestObject("Object Repository/Page_Facebook  log in or sign up/label_Male")): Object: 'Object Repository/Page_Facebook  log in or sign up/label_Male' is clicked on

06-02-2024T15:30:12 - [MESSAGE][INFO] - Unable to find the element located by 'By.xpath: //span[@id='u_4_o_sL']/span[2]/label'. Please recheck the objects properties to make sure the desired element is located. 

06-02-2024T15:30:12 - [MESSAGE][WARNING] - [SELF-HEALING] Failed to find element with id 'Object Repository/Page_Facebook  log in or sign up/label_Male'. Try using Self-healing.

06-02-2024T15:30:12 - [MESSAGE][WARNING] - [SELF-HEALING] The current locator of test object 'Object Repository/Page_Facebook  log in or sign up/label_Male' was broken. Propose an alternative one: '(.//*[normalize-space(text()) and normalize-space(.)='Female'])[1]/following::label[1]'.

06-02-2024T15:30:13 - [MESSAGE][PASSED] - Object: 'Object Repository/Page_Facebook  log in or sign up/label_Male' is clicked on

06-02-2024T15:30:13 - [TEST_STEP][PASSED] - click(findTestObject("Object Repository/Page_Facebook  log in or sign up/button_Sign Up")): Object: 'Object Repository/Page_Facebook  log in or sign up/button_Sign Up' is clicked on

06-02-2024T15:30:44 - [MESSAGE][INFO] - Unable to find the element located by 'By.xpath: //button[@id='u_4_s_Of']'. Please recheck the objects properties to make sure the desired element is located. 

06-02-2024T15:30:44 - [MESSAGE][WARNING] - [SELF-HEALING] Failed to find element with id 'Object Repository/Page_Facebook  log in or sign up/button_Sign Up'. Try using Self-healing.

06-02-2024T15:30:44 - [MESSAGE][WARNING] - [SELF-HEALING] The current locator of test object 'Object Repository/Page_Facebook  log in or sign up/button_Sign Up' was broken. Propose an alternative one: '//div[@id='reg_form_box']/div[11]/button'.

06-02-2024T15:30:45 - [MESSAGE][PASSED] - Object: 'Object Repository/Page_Facebook  log in or sign up/button_Sign Up' is clicked on

06-02-2024T15:30:45 - [TEST_STEP][PASSED] - closeBrowser(): Browser is closed

06-02-2024T15:30:45 - [MESSAGE][PASSED] - Browser is closed

06-02-2024T15:30:45 - [TEST_STEP][PASSED] - Start listener action : sampleAfterTestCase: null

06-02-2024T15:30:45 - [TEST_STEP][PASSED] - println(testCaseContext.getTestCaseId()): null

06-02-2024T15:30:45 - [TEST_STEP][PASSED] - println(testCaseContext.getTestCaseStatus()): null]]></system-out>
         <system-err><![CDATA[]]></system-err>
      </testcase>
      <system-out><![CDATA[06-02-2024T15:25:38 - [TEST_SUITE][PASSED] - FaceBook_TestSuite_RegistrationValidation_002: Test Cases/TC_FaceBook_RegistrationValidatio_002]]></system-out>
      <system-err><![CDATA[]]></system-err>
   </testsuite>
</testsuites>
