<?xml version="1.0" encoding="UTF-8"?>
<testsuites name="FaceBook_TestSuite_Login_001" time="42.063" tests="1" failures="0" errors="0">
   <testsuite name="FaceBook_TestSuite_Login_001" tests="1" failures="0" errors="0" time="42.063" skipped="0" timestamp="06-02-2024T15:23:18" hostname="spectra - krishna" id="Test Suites/FaceBook_TestSuite/FaceBook_TestSuite_Login_001">
      <properties>
         <property name="deviceName" value=""/>
         <property name="devicePlatform" value=""/>
         <property name="logFolder" value="C:\\Users\\spectra\\git\\Katalon_faceBook_project\\Reports\\20240206_152304\\FaceBook_TestSuite\\FaceBook_TestSuite_Login_001\\20240206_152305"/>
         <property name="logFiles" value="C:\\Users\\spectra\\git\\Katalon_faceBook_project\\Reports\\20240206_152304\\FaceBook_TestSuite\\FaceBook_TestSuite_Login_001\\20240206_152305\\execution0.log"/>
         <property name="attachments" value=""/>
         <property name="hostName" value="spectra - krishna"/>
         <property name="os" value="Windows 10 64bit"/>
         <property name="katalonVersion" value="9.3.0.212"/>
         <property name="browser" value="Chrome 121.0.0.0"/>
         <property name="hostAddress" value="172.25.160.1"/>
         <property name="sessionId" value="be99f8839a98665db8cc52a86d9803ca"/>
         <property name="seleniumVersion" value="3.141.59"/>
         <property name="proxyInformation" value="ProxyInformation { proxyOption=NO_PROXY, proxyServerType=HTTP, username=, password=********, proxyServerAddress=, proxyServerPort=0, executionList=&quot;&quot;, isApplyToDesiredCapabilities=true }"/>
         <property name="platform" value="Windows 10"/>
      </properties>
      <testcase name="Test Cases/TC_FaceBook_Login_001" time="41.002" classname="Test Cases/TC_FaceBook_Login_001" status="PASSED">
         <system-out><![CDATA[06-02-2024T15:23:19 - [TEST_CASE][PASSED] - Test Cases/TC_FaceBook_Login_001: Test Cases/TC_FaceBook_Login_001

06-02-2024T15:23:19 - [TEST_STEP][PASSED] - Start listener action : sampleBeforeTestCase: null

06-02-2024T15:23:19 - [TEST_STEP][PASSED] - println(testCaseContext.getTestCaseId()): null

06-02-2024T15:23:19 - [TEST_STEP][PASSED] - println(testCaseContext.getTestCaseVariables()): null

06-02-2024T15:23:19 - [TEST_STEP][PASSED] - openBrowser(""): Browser is opened with url: ''

06-02-2024T15:23:20 - [MESSAGE][INFO] - Starting 'Chrome' driver

06-02-2024T15:23:20 - [MESSAGE][INFO] - Action delay is set to 0 milliseconds

06-02-2024T15:23:23 - [MESSAGE][PASSED] - Browser is opened with url: ''

06-02-2024T15:23:23 - [TEST_STEP][PASSED] - navigateToUrl("https://www.facebook.com/"): Navigate to 'https://www.facebook.com/' successfully

06-02-2024T15:23:25 - [MESSAGE][PASSED] - Navigate to 'https://www.facebook.com/' successfully

06-02-2024T15:23:25 - [TEST_STEP][PASSED] - click(findTestObject("Object Repository/Page_Facebook  log in or sign up/input_Facebook helps you connect and share _ccef60")): Object: 'Object Repository/Page_Facebook  log in or sign up/input_Facebook helps you connect and share _ccef60' is clicked on

06-02-2024T15:23:26 - [MESSAGE][PASSED] - Object: 'Object Repository/Page_Facebook  log in or sign up/input_Facebook helps you connect and share _ccef60' is clicked on

06-02-2024T15:23:26 - [TEST_STEP][PASSED] - setText(findTestObject("Object Repository/Page_Facebook  log in or sign up/input_Facebook helps you connect and share _ccef60"), "username"): Text 'username' is set on object 'Object Repository/Page_Facebook  log in or sign up/input_Facebook helps you connect and share _ccef60'

06-02-2024T15:23:27 - [MESSAGE][PASSED] - Text 'username' is set on object 'Object Repository/Page_Facebook  log in or sign up/input_Facebook helps you connect and share _ccef60'

06-02-2024T15:23:27 - [TEST_STEP][PASSED] - setText(findTestObject("Object Repository/Page_Facebook  log in or sign up/input_Facebook helps you connect and share _ab63fc"), "password"): Text 'password' is set on object 'Object Repository/Page_Facebook  log in or sign up/input_Facebook helps you connect and share _ab63fc'

06-02-2024T15:23:28 - [MESSAGE][PASSED] - Text 'password' is set on object 'Object Repository/Page_Facebook  log in or sign up/input_Facebook helps you connect and share _ab63fc'

06-02-2024T15:23:28 - [TEST_STEP][PASSED] - click(findTestObject("Page_Facebook  log in or sign up/button_Log in")): Object: 'Object Repository/Page_Facebook  log in or sign up/button_Log in' is clicked on

06-02-2024T15:23:59 - [MESSAGE][INFO] - Unable to find the element located by 'By.xpath: //button[@id='u_0_5_PZ']'. Please recheck the objects properties to make sure the desired element is located. 

06-02-2024T15:23:59 - [MESSAGE][WARNING] - [SELF-HEALING] Failed to find element with id 'Object Repository/Page_Facebook  log in or sign up/button_Log in'. Try using Self-healing.

06-02-2024T15:23:59 - [MESSAGE][WARNING] - [SELF-HEALING] The current locator of test object 'Object Repository/Page_Facebook  log in or sign up/button_Log in' was broken. Propose an alternative one: '(.//*[normalize-space(text()) and normalize-space(.)='Facebook helps you connect and share with the people in your life.'])[1]/following::button[1]'.

06-02-2024T15:23:59 - [MESSAGE][PASSED] - Object: 'Object Repository/Page_Facebook  log in or sign up/button_Log in' is clicked on

06-02-2024T15:23:59 - [TEST_STEP][PASSED] - closeBrowser(): Browser is closed

06-02-2024T15:24:00 - [MESSAGE][PASSED] - Browser is closed

06-02-2024T15:24:00 - [TEST_STEP][PASSED] - Start listener action : sampleAfterTestCase: null

06-02-2024T15:24:00 - [TEST_STEP][PASSED] - println(testCaseContext.getTestCaseId()): null

06-02-2024T15:24:00 - [TEST_STEP][PASSED] - println(testCaseContext.getTestCaseStatus()): null]]></system-out>
         <system-err><![CDATA[]]></system-err>
      </testcase>
      <system-out><![CDATA[06-02-2024T15:23:18 - [TEST_SUITE][PASSED] - FaceBook_TestSuite_Login_001: Test Cases/TC_FaceBook_Login_001]]></system-out>
      <system-err><![CDATA[]]></system-err>
   </testsuite>
</testsuites>
